[2017-05-01 16:06:07] START
[2017-05-01 16:06:07] EDIT init/models/db.py: -28
[2017-05-01 16:06:29] EDIT init/models/db.py: -1
[2017-05-01 16:07:10] EDIT init/views/default/index.html: -48
[2017-05-01 16:09:19] EDIT init/views/layout.html: -56
[2017-05-01 16:30:29] EDIT init/models/db.py: 0
[2017-05-01 16:31:01] EDIT init/controllers/default.py: -25
[2017-05-01 16:31:12] EDIT init/controllers/default.py: 0
[2017-05-01 17:47:03] EDIT init/controllers/default.py: 1
[2017-05-01 17:47:43] EDIT init/views/default/index.html: 1
[2017-05-01 17:48:19] EDIT init/controllers/default.py: 0
[2017-05-01 17:48:57] EDIT init/controllers/default.py: 0
[2017-05-01 17:54:54] EDIT init/views/layout.html: 0
[2017-05-01 18:23:11] EDIT init/views/default/index.html: 20
[2017-05-01 18:25:47] EDIT init/views/default/index.html: 0
[2017-05-01 18:26:12] EDIT init/views/default/index.html: 0
[2017-05-01 18:26:39] EDIT init/controllers/default.py: 2
[2017-05-01 18:27:11] EDIT init/controllers/default.py: 0
[2017-05-01 18:31:20] EDIT init/views/default/index.html: 2
[2017-05-01 18:33:23] EDIT init/controllers/default.py: 0
[2017-05-01 18:33:46] EDIT init/views/default/index.html: 0
[2017-05-01 18:35:21] EDIT init/views/default/index.html: 0
[2017-05-01 18:36:12] EDIT init/views/layout.html: 0
[2017-05-01 18:36:50] EDIT init/views/layout.html: 0
[2017-05-01 18:38:35] EDIT init/views/default/index.html: 1
[2017-05-01 18:39:02] EDIT init/views/default/index.html: 0
[2017-05-01 18:39:31] EDIT init/views/default/index.html: 0
[2017-05-01 18:42:28] EDIT init/views/layout.html: 0
[2017-05-01 18:42:57] EDIT init/views/layout.html: 0
[2017-05-01 18:43:23] EDIT init/views/layout.html: 0
[2017-05-01 18:43:59] EDIT init/views/default/index.html: 0
[2017-05-01 19:06:20] EDIT init/controllers/default.py: 0
